[0.000000] (-) TimerEvent: {}
[0.000160] (mypkg) JobQueued: {'identifier': 'mypkg', 'dependencies': OrderedDict()}
[0.000197] (mypkg) JobStarted: {'identifier': 'mypkg'}
[0.099604] (-) TimerEvent: {}
[0.200031] (-) TimerEvent: {}
[0.300617] (-) TimerEvent: {}
[0.401112] (-) TimerEvent: {}
[0.501591] (-) TimerEvent: {}
[0.556603] (mypkg) Command: {'cmd': ['/usr/bin/python3', 'setup.py', 'egg_info', '--egg-base', 'build/mypkg', 'build', '--build-base', '/home/fass1080/ros2_ws/src/mypkg/build/mypkg/build', 'install', '--record', '/home/fass1080/ros2_ws/src/mypkg/build/mypkg/install.log', '--single-version-externally-managed'], 'cwd': '/home/fass1080/ros2_ws/src/mypkg', 'env': {'USER': 'fass1080', 'SHLVL': '1', 'LD_LIBRARY_PATH': '/home/fass1080/ros2_ws/install/person_msgs/lib:/opt/ros/foxy/opt/yaml_cpp_vendor/lib:/opt/ros/foxy/opt/rviz_ogre_vendor/lib:/opt/ros/foxy/lib/x86_64-linux-gnu:/opt/ros/foxy/lib', 'HOME': '/home/fass1080', 'OLDPWD': '/home/fass1080/ros2_ws/src/mypkg/.github/workflows', 'ROS_PYTHON_VERSION': '3', 'WSL_DISTRO_NAME': 'Ubuntu-20.04', 'WAYLAND_DISPLAY': 'wayland-0', 'COLCON_PREFIX_PATH': '/home/fass1080/ros2_ws/install', 'ROS_DISTRO': 'foxy', 'LOGNAME': 'fass1080', 'NAME': 'DESKTOP-TTGLLEK', 'WSL_INTEROP': '/run/WSL/7749_interop', 'PULSE_SERVER': '/mnt/wslg/PulseServer', '_': '/usr/bin/colcon', 'ROS_VERSION': '2', 'TERM': 'xterm-256color', 'ROS_LOCALHOST_ONLY': '1', 'PATH': '/opt/ros/foxy/bin:/usr/local/sbin:/usr/local/bin:/usr/sbin:/usr/bin:/sbin:/bin:/usr/games:/usr/local/games:/usr/lib/wsl/lib:/mnt/c/WINDOWS/system32:/mnt/c/WINDOWS:/mnt/c/WINDOWS/System32/Wbem:/mnt/c/WINDOWS/System32/WindowsPowerShell/v1.0/:/mnt/c/WINDOWS/System32/OpenSSH/:/mnt/c/Program Files/dotnet/:/mnt/c/Program Files/Microsoft SQL Server/120/Tools/Binn/:/mnt/c/Program Files/MATLAB/R2023a/bin:/mnt/c/Users/th22c1080/AppData/Local/Microsoft/WindowsApps:/mnt/c/Users/th22c1080/AppData/Local/Programs/Microsoft VS Code/bin:/snap/bin', 'XDG_RUNTIME_DIR': '/mnt/wslg/runtime-dir', 'DISPLAY': ':0', 'LANG': 'ja_JP.UTF8', 'AMENT_PREFIX_PATH': '/home/fass1080/ros2_ws/install/person_msgs:/home/fass1080/ros2_ws/install/mypkg:/opt/ros/foxy', 'SHELL': '/bin/bash', 'PWD': '/home/fass1080/ros2_ws/src/mypkg/build/mypkg', 'XDG_DATA_DIRS': '/usr/local/share:/usr/share:/var/lib/snapd/desktop', 'PYTHONPATH': '/home/fass1080/ros2_ws/src/mypkg/build/mypkg/prefix_override:/home/fass1080/ros2_ws/src/mypkg/install/mypkg/lib/python3.8/site-packages:/home/fass1080/ros2_ws/install/person_msgs/lib/python3.8/site-packages:/home/fass1080/ros2_ws/install/mypkg/lib/python3.8/site-packages:/opt/ros/foxy/lib/python3.8/site-packages', 'COLCON': '1', 'HOSTTYPE': 'x86_64', 'CMAKE_PREFIX_PATH': '/home/fass1080/ros2_ws/install/person_msgs', 'WSLENV': ''}, 'shell': False}
[0.601914] (-) TimerEvent: {}
[0.668279] (mypkg) StdoutLine: {'line': b'running egg_info\n'}
[0.668522] (mypkg) StdoutLine: {'line': b'creating build/mypkg/mypkg.egg-info\n'}
[0.668768] (mypkg) StdoutLine: {'line': b'writing build/mypkg/mypkg.egg-info/PKG-INFO\n'}
[0.669090] (mypkg) StdoutLine: {'line': b'writing dependency_links to build/mypkg/mypkg.egg-info/dependency_links.txt\n'}
[0.669153] (mypkg) StdoutLine: {'line': b'writing entry points to build/mypkg/mypkg.egg-info/entry_points.txt\n'}
[0.669393] (mypkg) StdoutLine: {'line': b'writing requirements to build/mypkg/mypkg.egg-info/requires.txt\n'}
[0.669727] (mypkg) StdoutLine: {'line': b'writing top-level names to build/mypkg/mypkg.egg-info/top_level.txt\n'}
[0.670474] (mypkg) StdoutLine: {'line': b"writing manifest file 'build/mypkg/mypkg.egg-info/SOURCES.txt'\n"}
[0.689276] (mypkg) StdoutLine: {'line': b"reading manifest file 'build/mypkg/mypkg.egg-info/SOURCES.txt'\n"}
[0.689753] (mypkg) StdoutLine: {'line': b"writing manifest file 'build/mypkg/mypkg.egg-info/SOURCES.txt'\n"}
[0.690110] (mypkg) StdoutLine: {'line': b'running build\n'}
[0.690475] (mypkg) StdoutLine: {'line': b'running build_py\n'}
[0.690552] (mypkg) StdoutLine: {'line': b'creating /home/fass1080/ros2_ws/src/mypkg/build/mypkg/build\n'}
[0.690592] (mypkg) StdoutLine: {'line': b'creating /home/fass1080/ros2_ws/src/mypkg/build/mypkg/build/lib\n'}
[0.690888] (mypkg) StdoutLine: {'line': b'creating /home/fass1080/ros2_ws/src/mypkg/build/mypkg/build/lib/mypkg\n'}
[0.690942] (mypkg) StdoutLine: {'line': b'copying mypkg/talker.py -> /home/fass1080/ros2_ws/src/mypkg/build/mypkg/build/lib/mypkg\n'}
[0.690987] (mypkg) StdoutLine: {'line': b'copying mypkg/listener.py -> /home/fass1080/ros2_ws/src/mypkg/build/mypkg/build/lib/mypkg\n'}
[0.691028] (mypkg) StdoutLine: {'line': b'copying mypkg/__init__.py -> /home/fass1080/ros2_ws/src/mypkg/build/mypkg/build/lib/mypkg\n'}
[0.691073] (mypkg) StdoutLine: {'line': b'running install\n'}
[0.691241] (mypkg) StdoutLine: {'line': b'running install_lib\n'}
[0.691754] (mypkg) StdoutLine: {'line': b'creating /home/fass1080/ros2_ws/src/mypkg/install/mypkg/lib/python3.8/site-packages/mypkg\n'}
[0.692007] (mypkg) StdoutLine: {'line': b'copying /home/fass1080/ros2_ws/src/mypkg/build/mypkg/build/lib/mypkg/talker.py -> /home/fass1080/ros2_ws/src/mypkg/install/mypkg/lib/python3.8/site-packages/mypkg\n'}
[0.692227] (mypkg) StdoutLine: {'line': b'copying /home/fass1080/ros2_ws/src/mypkg/build/mypkg/build/lib/mypkg/listener.py -> /home/fass1080/ros2_ws/src/mypkg/install/mypkg/lib/python3.8/site-packages/mypkg\n'}
[0.692296] (mypkg) StdoutLine: {'line': b'copying /home/fass1080/ros2_ws/src/mypkg/build/mypkg/build/lib/mypkg/__init__.py -> /home/fass1080/ros2_ws/src/mypkg/install/mypkg/lib/python3.8/site-packages/mypkg\n'}
[0.692663] (mypkg) StdoutLine: {'line': b'byte-compiling /home/fass1080/ros2_ws/src/mypkg/install/mypkg/lib/python3.8/site-packages/mypkg/talker.py to talker.cpython-38.pyc\n'}
[0.693598] (mypkg) StdoutLine: {'line': b'byte-compiling /home/fass1080/ros2_ws/src/mypkg/install/mypkg/lib/python3.8/site-packages/mypkg/listener.py to listener.cpython-38.pyc\n'}
[0.693812] (mypkg) StdoutLine: {'line': b'byte-compiling /home/fass1080/ros2_ws/src/mypkg/install/mypkg/lib/python3.8/site-packages/mypkg/__init__.py to __init__.cpython-38.pyc\n'}
[0.694025] (mypkg) StdoutLine: {'line': b'running install_data\n'}
[0.694284] (mypkg) StdoutLine: {'line': b'creating /home/fass1080/ros2_ws/src/mypkg/install/mypkg/share/ament_index\n'}
[0.694575] (mypkg) StdoutLine: {'line': b'creating /home/fass1080/ros2_ws/src/mypkg/install/mypkg/share/ament_index/resource_index\n'}
[0.694719] (mypkg) StdoutLine: {'line': b'creating /home/fass1080/ros2_ws/src/mypkg/install/mypkg/share/ament_index/resource_index/packages\n'}
[0.694942] (mypkg) StdoutLine: {'line': b'copying resource/mypkg -> /home/fass1080/ros2_ws/src/mypkg/install/mypkg/share/ament_index/resource_index/packages\n'}
[0.695131] (mypkg) StdoutLine: {'line': b'copying package.xml -> /home/fass1080/ros2_ws/src/mypkg/install/mypkg/share/mypkg\n'}
[0.695210] (mypkg) StdoutLine: {'line': b'copying launch/talk_listen.launch.py -> /home/fass1080/ros2_ws/src/mypkg/install/mypkg/share/mypkg\n'}
[0.695247] (mypkg) StdoutLine: {'line': b'running install_egg_info\n'}
[0.695899] (mypkg) StdoutLine: {'line': b'Copying build/mypkg/mypkg.egg-info to /home/fass1080/ros2_ws/src/mypkg/install/mypkg/lib/python3.8/site-packages/mypkg-0.0.0-py3.8.egg-info\n'}
[0.696512] (mypkg) StdoutLine: {'line': b'running install_scripts\n'}
[0.702004] (-) TimerEvent: {}
[0.706334] (mypkg) StdoutLine: {'line': b'Installing listener script to /home/fass1080/ros2_ws/src/mypkg/install/mypkg/lib/mypkg\n'}
[0.706975] (mypkg) StdoutLine: {'line': b'Installing talker script to /home/fass1080/ros2_ws/src/mypkg/install/mypkg/lib/mypkg\n'}
[0.707160] (mypkg) StdoutLine: {'line': b"writing list of installed files to '/home/fass1080/ros2_ws/src/mypkg/build/mypkg/install.log'\n"}
[0.719358] (mypkg) CommandEnded: {'returncode': 0}
[0.780916] (mypkg) JobEnded: {'identifier': 'mypkg', 'rc': 0}
[0.781407] (-) EventReactorShutdown: {}
