[0.560s] Invoking command in '/home/fass1080/ros2_ws/src/mypkg': PYTHONPATH=/home/fass1080/ros2_ws/src/mypkg/build/mypkg/prefix_override:/home/fass1080/ros2_ws/src/mypkg/install/mypkg/lib/python3.8/site-packages:${PYTHONPATH} /usr/bin/python3 setup.py egg_info --egg-base build/mypkg build --build-base /home/fass1080/ros2_ws/src/mypkg/build/mypkg/build install --record /home/fass1080/ros2_ws/src/mypkg/build/mypkg/install.log --single-version-externally-managed
[0.668s] running egg_info
[0.668s] creating build/mypkg/mypkg.egg-info
[0.669s] writing build/mypkg/mypkg.egg-info/PKG-INFO
[0.669s] writing dependency_links to build/mypkg/mypkg.egg-info/dependency_links.txt
[0.669s] writing entry points to build/mypkg/mypkg.egg-info/entry_points.txt
[0.669s] writing requirements to build/mypkg/mypkg.egg-info/requires.txt
[0.670s] writing top-level names to build/mypkg/mypkg.egg-info/top_level.txt
[0.670s] writing manifest file 'build/mypkg/mypkg.egg-info/SOURCES.txt'
[0.689s] reading manifest file 'build/mypkg/mypkg.egg-info/SOURCES.txt'
[0.690s] writing manifest file 'build/mypkg/mypkg.egg-info/SOURCES.txt'
[0.690s] running build
[0.690s] running build_py
[0.690s] creating /home/fass1080/ros2_ws/src/mypkg/build/mypkg/build
[0.691s] creating /home/fass1080/ros2_ws/src/mypkg/build/mypkg/build/lib
[0.691s] creating /home/fass1080/ros2_ws/src/mypkg/build/mypkg/build/lib/mypkg
[0.691s] copying mypkg/talker.py -> /home/fass1080/ros2_ws/src/mypkg/build/mypkg/build/lib/mypkg
[0.691s] copying mypkg/listener.py -> /home/fass1080/ros2_ws/src/mypkg/build/mypkg/build/lib/mypkg
[0.691s] copying mypkg/__init__.py -> /home/fass1080/ros2_ws/src/mypkg/build/mypkg/build/lib/mypkg
[0.691s] running install
[0.691s] running install_lib
[0.692s] creating /home/fass1080/ros2_ws/src/mypkg/install/mypkg/lib/python3.8/site-packages/mypkg
[0.692s] copying /home/fass1080/ros2_ws/src/mypkg/build/mypkg/build/lib/mypkg/talker.py -> /home/fass1080/ros2_ws/src/mypkg/install/mypkg/lib/python3.8/site-packages/mypkg
[0.692s] copying /home/fass1080/ros2_ws/src/mypkg/build/mypkg/build/lib/mypkg/listener.py -> /home/fass1080/ros2_ws/src/mypkg/install/mypkg/lib/python3.8/site-packages/mypkg
[0.692s] copying /home/fass1080/ros2_ws/src/mypkg/build/mypkg/build/lib/mypkg/__init__.py -> /home/fass1080/ros2_ws/src/mypkg/install/mypkg/lib/python3.8/site-packages/mypkg
[0.693s] byte-compiling /home/fass1080/ros2_ws/src/mypkg/install/mypkg/lib/python3.8/site-packages/mypkg/talker.py to talker.cpython-38.pyc
[0.693s] byte-compiling /home/fass1080/ros2_ws/src/mypkg/install/mypkg/lib/python3.8/site-packages/mypkg/listener.py to listener.cpython-38.pyc
[0.694s] byte-compiling /home/fass1080/ros2_ws/src/mypkg/install/mypkg/lib/python3.8/site-packages/mypkg/__init__.py to __init__.cpython-38.pyc
[0.694s] running install_data
[0.694s] creating /home/fass1080/ros2_ws/src/mypkg/install/mypkg/share/ament_index
[0.694s] creating /home/fass1080/ros2_ws/src/mypkg/install/mypkg/share/ament_index/resource_index
[0.695s] creating /home/fass1080/ros2_ws/src/mypkg/install/mypkg/share/ament_index/resource_index/packages
[0.695s] copying resource/mypkg -> /home/fass1080/ros2_ws/src/mypkg/install/mypkg/share/ament_index/resource_index/packages
[0.695s] copying package.xml -> /home/fass1080/ros2_ws/src/mypkg/install/mypkg/share/mypkg
[0.695s] copying launch/talk_listen.launch.py -> /home/fass1080/ros2_ws/src/mypkg/install/mypkg/share/mypkg
[0.695s] running install_egg_info
[0.696s] Copying build/mypkg/mypkg.egg-info to /home/fass1080/ros2_ws/src/mypkg/install/mypkg/lib/python3.8/site-packages/mypkg-0.0.0-py3.8.egg-info
[0.696s] running install_scripts
[0.706s] Installing listener script to /home/fass1080/ros2_ws/src/mypkg/install/mypkg/lib/mypkg
[0.707s] Installing talker script to /home/fass1080/ros2_ws/src/mypkg/install/mypkg/lib/mypkg
[0.707s] writing list of installed files to '/home/fass1080/ros2_ws/src/mypkg/build/mypkg/install.log'
[0.719s] Invoked command in '/home/fass1080/ros2_ws/src/mypkg' returned '0': PYTHONPATH=/home/fass1080/ros2_ws/src/mypkg/build/mypkg/prefix_override:/home/fass1080/ros2_ws/src/mypkg/install/mypkg/lib/python3.8/site-packages:${PYTHONPATH} /usr/bin/python3 setup.py egg_info --egg-base build/mypkg build --build-base /home/fass1080/ros2_ws/src/mypkg/build/mypkg/build install --record /home/fass1080/ros2_ws/src/mypkg/build/mypkg/install.log --single-version-externally-managed
